c:\users\mario sakka\documents\privatefilesfaculty\year iii\semester 1\advanced computer graphics\acg-project\part ii\acg-3d-game\red evil 3d\gameengine\debug\vc143.pdb
c:\users\mario sakka\documents\privatefilesfaculty\year iii\semester 1\advanced computer graphics\acg-project\part ii\acg-3d-game\red evil 3d\gameengine\debug\vc143.idb
c:\users\mario sakka\documents\privatefilesfaculty\year iii\semester 1\advanced computer graphics\acg-project\part ii\acg-3d-game\red evil 3d\gameengine\debug\texture.obj
c:\users\mario sakka\documents\privatefilesfaculty\year iii\semester 1\advanced computer graphics\acg-project\part ii\acg-3d-game\red evil 3d\gameengine\debug\shader.obj
c:\users\mario sakka\documents\privatefilesfaculty\year iii\semester 1\advanced computer graphics\acg-project\part ii\acg-3d-game\red evil 3d\gameengine\debug\mesh.obj
c:\users\mario sakka\documents\privatefilesfaculty\year iii\semester 1\advanced computer graphics\acg-project\part ii\acg-3d-game\red evil 3d\gameengine\debug\meshloaderobj.obj
c:\users\mario sakka\documents\privatefilesfaculty\year iii\semester 1\advanced computer graphics\acg-project\part ii\acg-3d-game\red evil 3d\gameengine\debug\window.obj
c:\users\mario sakka\documents\privatefilesfaculty\year iii\semester 1\advanced computer graphics\acg-project\part ii\acg-3d-game\red evil 3d\gameengine\debug\imgui_widgets.obj
c:\users\mario sakka\documents\privatefilesfaculty\year iii\semester 1\advanced computer graphics\acg-project\part ii\acg-3d-game\red evil 3d\gameengine\debug\imgui_tables.obj
c:\users\mario sakka\documents\privatefilesfaculty\year iii\semester 1\advanced computer graphics\acg-project\part ii\acg-3d-game\red evil 3d\gameengine\debug\imgui_draw.obj
c:\users\mario sakka\documents\privatefilesfaculty\year iii\semester 1\advanced computer graphics\acg-project\part ii\acg-3d-game\red evil 3d\gameengine\debug\imgui.obj
c:\users\mario sakka\documents\privatefilesfaculty\year iii\semester 1\advanced computer graphics\acg-project\part ii\acg-3d-game\red evil 3d\gameengine\debug\imgui_impl_opengl3.obj
c:\users\mario sakka\documents\privatefilesfaculty\year iii\semester 1\advanced computer graphics\acg-project\part ii\acg-3d-game\red evil 3d\gameengine\debug\imgui_impl_glfw.obj
c:\users\mario sakka\documents\privatefilesfaculty\year iii\semester 1\advanced computer graphics\acg-project\part ii\acg-3d-game\red evil 3d\gameengine\debug\camera.obj
c:\users\mario sakka\documents\privatefilesfaculty\year iii\semester 1\advanced computer graphics\acg-project\part ii\acg-3d-game\red evil 3d\gameengine\debug\main.obj
c:\users\mario sakka\documents\privatefilesfaculty\year iii\semester 1\advanced computer graphics\acg-project\part ii\acg-3d-game\red evil 3d\debug\red evil 3d.exe
c:\users\mario sakka\documents\privatefilesfaculty\year iii\semester 1\advanced computer graphics\acg-project\part ii\acg-3d-game\red evil 3d\debug\red evil 3d.pdb
c:\users\mario sakka\documents\privatefilesfaculty\year iii\semester 1\advanced computer graphics\acg-project\part ii\acg-3d-game\red evil 3d\gameengine\debug\red evil 3d.ilk
c:\users\mario sakka\documents\privatefilesfaculty\year iii\semester 1\advanced computer graphics\acg-project\part ii\acg-3d-game\red evil 3d\gameengine\debug\red evil 3d.tlog\cl.command.1.tlog
c:\users\mario sakka\documents\privatefilesfaculty\year iii\semester 1\advanced computer graphics\acg-project\part ii\acg-3d-game\red evil 3d\gameengine\debug\red evil 3d.tlog\cl.items.tlog
c:\users\mario sakka\documents\privatefilesfaculty\year iii\semester 1\advanced computer graphics\acg-project\part ii\acg-3d-game\red evil 3d\gameengine\debug\red evil 3d.tlog\cl.read.1.tlog
c:\users\mario sakka\documents\privatefilesfaculty\year iii\semester 1\advanced computer graphics\acg-project\part ii\acg-3d-game\red evil 3d\gameengine\debug\red evil 3d.tlog\cl.write.1.tlog
c:\users\mario sakka\documents\privatefilesfaculty\year iii\semester 1\advanced computer graphics\acg-project\part ii\acg-3d-game\red evil 3d\gameengine\debug\red evil 3d.tlog\link.command.1.tlog
c:\users\mario sakka\documents\privatefilesfaculty\year iii\semester 1\advanced computer graphics\acg-project\part ii\acg-3d-game\red evil 3d\gameengine\debug\red evil 3d.tlog\link.read.1.tlog
c:\users\mario sakka\documents\privatefilesfaculty\year iii\semester 1\advanced computer graphics\acg-project\part ii\acg-3d-game\red evil 3d\gameengine\debug\red evil 3d.tlog\link.secondary.1.tlog
c:\users\mario sakka\documents\privatefilesfaculty\year iii\semester 1\advanced computer graphics\acg-project\part ii\acg-3d-game\red evil 3d\gameengine\debug\red evil 3d.tlog\link.write.1.tlog
